2012/03/30 22:27:48 [error] [exception.CDbException] exception 'CDbException' with message 'CDbConnection failed to open the DB connection: SQLSTATE[42000] [1049] Unknown database 'blog'' in /var/www/x-shadow/framework/db/CDbConnection.php:382
Stack trace:
#0 /var/www/x-shadow/framework/db/CDbConnection.php(331): CDbConnection->open()
#1 /var/www/x-shadow/framework/db/CDbConnection.php(309): CDbConnection->setActive(true)
#2 /var/www/x-shadow/framework/base/CModule.php(388): CDbConnection->init()
#3 /var/www/x-shadow/framework/base/CApplication.php(431): CModule->getComponent('db')
#4 /var/www/x-shadow/framework/db/ar/CActiveRecord.php(615): CApplication->getDb()
#5 /var/www/x-shadow/framework/db/ar/CActiveRecord.php(2263): CActiveRecord->getDbConnection()
#6 /var/www/x-shadow/framework/db/ar/CActiveRecord.php(379): CActiveRecordMetaData->__construct(Object(Post))
#7 /var/www/x-shadow/framework/web/CActiveDataProvider.php(75): CActiveRecord::model('Post')
#8 /var/www/x-shadow/protected/controllers/PostController.php(132): CActiveDataProvider->__construct('Post', Array)
#9 /var/www/x-shadow/framework/web/actions/CInlineAction.php(50): PostController->actionIndex()
#10 /var/www/x-shadow/framework/web/CController.php(309): CInlineAction->runWithParams(Array)
#11 /var/www/x-shadow/framework/web/filters/CFilterChain.php(134): CController->runAction(Object(CInlineAction))
#12 /var/www/x-shadow/framework/web/filters/CFilter.php(41): CFilterChain->run()
#13 /var/www/x-shadow/framework/web/CController.php(1146): CFilter->filter(Object(CFilterChain))
#14 /var/www/x-shadow/framework/web/filters/CInlineFilter.php(59): CController->filterAccessControl(Object(CFilterChain))
#15 /var/www/x-shadow/framework/web/filters/CFilterChain.php(131): CInlineFilter->filter(Object(CFilterChain))
#16 /var/www/x-shadow/framework/web/CController.php(292): CFilterChain->run()
#17 /var/www/x-shadow/framework/web/CController.php(266): CController->runActionWithFilters(Object(CInlineAction), Array)
#18 /var/www/x-shadow/framework/web/CWebApplication.php(276): CController->run('')
#19 /var/www/x-shadow/framework/web/CWebApplication.php(135): CWebApplication->runController('')
#20 /var/www/x-shadow/framework/base/CApplication.php(162): CWebApplication->processRequest()
#21 /var/www/x-shadow/index.php(9): CApplication->run()
#22 {main}
REQUEST_URI=/x-shadow/index.php
---
2012/03/30 22:30:00 [error] [system.db.CDbCommand] CDbCommand::fetchAll() failed: SQLSTATE[42S02]: Base table or view not found: 1146 Table 'x-shadow.tbl_post' doesn't exist. The SQL statement executed was: SHOW COLUMNS FROM `tbl_post`.
2012/03/30 22:30:00 [error] [exception.CDbException] exception 'CDbException' with message 'The table "{{post}}" for active record class "Post" cannot be found in the database.' in /var/www/x-shadow/framework/db/ar/CActiveRecord.php:2264
Stack trace:
#0 /var/www/x-shadow/framework/db/ar/CActiveRecord.php(379): CActiveRecordMetaData->__construct(Object(Post))
#1 /var/www/x-shadow/framework/web/CActiveDataProvider.php(75): CActiveRecord::model('Post')
#2 /var/www/x-shadow/protected/controllers/PostController.php(132): CActiveDataProvider->__construct('Post', Array)
#3 /var/www/x-shadow/framework/web/actions/CInlineAction.php(50): PostController->actionIndex()
#4 /var/www/x-shadow/framework/web/CController.php(309): CInlineAction->runWithParams(Array)
#5 /var/www/x-shadow/framework/web/filters/CFilterChain.php(134): CController->runAction(Object(CInlineAction))
#6 /var/www/x-shadow/framework/web/filters/CFilter.php(41): CFilterChain->run()
#7 /var/www/x-shadow/framework/web/CController.php(1146): CFilter->filter(Object(CFilterChain))
#8 /var/www/x-shadow/framework/web/filters/CInlineFilter.php(59): CController->filterAccessControl(Object(CFilterChain))
#9 /var/www/x-shadow/framework/web/filters/CFilterChain.php(131): CInlineFilter->filter(Object(CFilterChain))
#10 /var/www/x-shadow/framework/web/CController.php(292): CFilterChain->run()
#11 /var/www/x-shadow/framework/web/CController.php(266): CController->runActionWithFilters(Object(CInlineAction), Array)
#12 /var/www/x-shadow/framework/web/CWebApplication.php(276): CController->run('')
#13 /var/www/x-shadow/framework/web/CWebApplication.php(135): CWebApplication->runController('')
#14 /var/www/x-shadow/framework/base/CApplication.php(162): CWebApplication->processRequest()
#15 /var/www/x-shadow/index.php(9): CApplication->run()
#16 {main}
REQUEST_URI=/x-shadow/index.php
---
2012/03/30 22:32:03 [error] [exception.CException] exception 'CException' with message 'CAssetManager.basePath "/var/www/x-shadow/assets" is invalid. Please make sure the directory exists and is writable by the Web server process.' in /var/www/x-shadow/framework/web/CAssetManager.php:116
Stack trace:
#0 /var/www/x-shadow/framework/web/CAssetManager.php(101): CAssetManager->setBasePath('/var/www/x-shad...')
#1 /var/www/x-shadow/framework/web/CAssetManager.php(219): CAssetManager->getBasePath()
#2 /var/www/x-shadow/framework/zii/widgets/CListView.php(179): CAssetManager->publish('/var/www/x-shad...')
#3 /var/www/x-shadow/framework/web/CBaseController.php(148): CListView->init()
#4 /var/www/x-shadow/framework/web/CBaseController.php(173): CBaseController->createWidget('zii.widgets.CLi...', Array)
#5 /var/www/x-shadow/protected/views/post/index.php(9): CBaseController->widget('zii.widgets.CLi...', Array)
#6 /var/www/x-shadow/framework/web/CBaseController.php(127): require('/var/www/x-shad...')
#7 /var/www/x-shadow/framework/web/CBaseController.php(96): CBaseController->renderInternal('/var/www/x-shad...', Array, true)
#8 /var/www/x-shadow/framework/web/CController.php(870): CBaseController->renderFile('/var/www/x-shad...', Array, true)
#9 /var/www/x-shadow/framework/web/CController.php(783): CController->renderPartial('index', Array, true)
#10 /var/www/x-shadow/protected/controllers/PostController.php(136): CController->render('index', Array)
#11 /var/www/x-shadow/framework/web/actions/CInlineAction.php(50): PostController->actionIndex()
#12 /var/www/x-shadow/framework/web/CController.php(309): CInlineAction->runWithParams(Array)
#13 /var/www/x-shadow/framework/web/filters/CFilterChain.php(134): CController->runAction(Object(CInlineAction))
#14 /var/www/x-shadow/framework/web/filters/CFilter.php(41): CFilterChain->run()
#15 /var/www/x-shadow/framework/web/CController.php(1146): CFilter->filter(Object(CFilterChain))
#16 /var/www/x-shadow/framework/web/filters/CInlineFilter.php(59): CController->filterAccessControl(Object(CFilterChain))
#17 /var/www/x-shadow/framework/web/filters/CFilterChain.php(131): CInlineFilter->filter(Object(CFilterChain))
#18 /var/www/x-shadow/framework/web/CController.php(292): CFilterChain->run()
#19 /var/www/x-shadow/framework/web/CController.php(266): CController->runActionWithFilters(Object(CInlineAction), Array)
#20 /var/www/x-shadow/framework/web/CWebApplication.php(276): CController->run('')
#21 /var/www/x-shadow/framework/web/CWebApplication.php(135): CWebApplication->runController('')
#22 /var/www/x-shadow/framework/base/CApplication.php(162): CWebApplication->processRequest()
#23 /var/www/x-shadow/index.php(9): CApplication->run()
#24 {main}
REQUEST_URI=/x-shadow/index.php
---
